This is pdfTeX, Version 3.141592653-2.6-1.40.25 (TeX Live 2023/Debian) (preloaded format=pdflatex 2026.1.13)  22 APR 2026 01:46
entering extended mode
 restricted \write18 enabled.
 %&-line parsing enabled.
**ie622_endsem_cheat.tex
(./ie622_endsem_cheat.tex
LaTeX2e <2023-11-01> patch level 1
L3 programming layer <2024-01-22>
(/usr/share/texlive/texmf-dist/tex/latex/extsizes/extarticle.cls
Document Class: extarticle 1996/10/08 v1.0 Non Standard LaTeX document class
(/usr/share/texlive/texmf-dist/tex/latex/extsizes/size8.clo
File: size8.clo 1999/11/11 v1.4a NON-Standard LaTeX file (size option)
)
(/usr/share/texlive/texmf-dist/tex/latex/base/exscale.sty
Package: exscale 2018/09/24 v2.1i Standard LaTeX package exscale
LaTeX Font Info:    Redeclaring symbol font `largesymbols' on input line 57.
LaTeX Font Info:    Overwriting symbol font `largesymbols' in version `normal'
(Font)                  OMX/cmex/m/n --> OMX/cmex/m/n on input line 57.
LaTeX Font Info:    Overwriting symbol font `largesymbols' in version `bold'
(Font)                  OMX/cmex/m/n --> OMX/cmex/m/n on input line 57.
\big@size=\dimen140
)
\c@part=\count187
\c@section=\count188
\c@subsection=\count189
\c@subsubsection=\count190
\c@paragraph=\count191
\c@subparagraph=\count192
\c@figure=\count193
\c@table=\count194
\abovecaptionskip=\skip48
\belowcaptionskip=\skip49
\bibindent=\dimen141
)
(/usr/share/texlive/texmf-dist/tex/latex/base/fontenc.sty
Package: fontenc 2021/04/29 v2.0v Standard LaTeX package
)
(/usr/share/texlive/texmf-dist/tex/latex/geometry/geometry.sty
Package: geometry 2020/01/02 v5.9 Page Geometry

(/usr/share/texlive/texmf-dist/tex/latex/graphics/keyval.sty
Package: keyval 2022/05/29 v1.15 key=value parser (DPC)
\KV@toks@=\toks17
)
(/usr/share/texlive/texmf-dist/tex/generic/iftex/ifvtex.sty
Package: ifvtex 2019/10/25 v1.7 ifvtex legacy package. Use iftex instead.

(/usr/share/texlive/texmf-dist/tex/generic/iftex/iftex.sty
Package: iftex 2022/02/03 v1.0f TeX engine tests
))
\Gm@cnth=\count195
\Gm@cntv=\count196
\c@Gm@tempcnt=\count197
\Gm@bindingoffset=\dimen142
\Gm@wd@mp=\dimen143
\Gm@odd@mp=\dimen144
\Gm@even@mp=\dimen145
\Gm@layoutwidth=\dimen146
\Gm@layoutheight=\dimen147
\Gm@layouthoffset=\dimen148
\Gm@layoutvoffset=\dimen149
\Gm@dimlist=\toks18
)
(/usr/share/texlive/texmf-dist/tex/latex/amsmath/amsmath.sty
Package: amsmath 2023/05/13 v2.17o AMS math features
\@mathmargin=\skip50

For additional information on amsmath, use the `?' option.
(/usr/share/texlive/texmf-dist/tex/latex/amsmath/amstext.sty
Package: amstext 2021/08/26 v2.01 AMS text

(/usr/share/texlive/texmf-dist/tex/latex/amsmath/amsgen.sty
File: amsgen.sty 1999/11/30 v2.0 generic functions
\@emptytoks=\toks19
\ex@=\dimen150
))
(/usr/share/texlive/texmf-dist/tex/latex/amsmath/amsbsy.sty
Package: amsbsy 1999/11/29 v1.2d Bold Symbols
\pmbraise@=\dimen151
)
(/usr/share/texlive/texmf-dist/tex/latex/amsmath/amsopn.sty
Package: amsopn 2022/04/08 v2.04 operator names
)
\inf@bad=\count198
LaTeX Info: Redefining \frac on input line 234.
\uproot@=\count199
\leftroot@=\count266
LaTeX Info: Redefining \overline on input line 399.
LaTeX Info: Redefining \colon on input line 410.
\classnum@=\count267
\DOTSCASE@=\count268
LaTeX Info: Redefining \ldots on input line 496.
LaTeX Info: Redefining \dots on input line 499.
LaTeX Info: Redefining \cdots on input line 620.
\Mathstrutbox@=\box51
\strutbox@=\box52
LaTeX Info: Redefining \big on input line 722.
LaTeX Info: Redefining \Big on input line 723.
LaTeX Info: Redefining \bigg on input line 724.
LaTeX Info: Redefining \Bigg on input line 725.
\big@size=\dimen152
LaTeX Font Info:    Redeclaring font encoding OML on input line 743.
LaTeX Font Info:    Redeclaring font encoding OMS on input line 744.
\macc@depth=\count269
LaTeX Info: Redefining \bmod on input line 905.
LaTeX Info: Redefining \pmod on input line 910.
LaTeX Info: Redefining \smash on input line 940.
LaTeX Info: Redefining \relbar on input line 970.
LaTeX Info: Redefining \Relbar on input line 971.
\c@MaxMatrixCols=\count270
\dotsspace@=\muskip16
\c@parentequation=\count271
\dspbrk@lvl=\count272
\tag@help=\toks20
\row@=\count273
\column@=\count274
\maxfields@=\count275
\andhelp@=\toks21
\eqnshift@=\dimen153
\alignsep@=\dimen154
\tagshift@=\dimen155
\tagwidth@=\dimen156
\totwidth@=\dimen157
\lineht@=\dimen158
\@envbody=\toks22
\multlinegap=\skip51
\multlinetaggap=\skip52
\mathdisplay@stack=\toks23
LaTeX Info: Redefining \[ on input line 2953.
LaTeX Info: Redefining \] on input line 2954.
)
(/usr/share/texlive/texmf-dist/tex/latex/amsfonts/amssymb.sty
Package: amssymb 2013/01/14 v3.01 AMS font symbols

(/usr/share/texlive/texmf-dist/tex/latex/amsfonts/amsfonts.sty
Package: amsfonts 2013/01/14 v3.01 Basic AMSFonts support
\symAMSa=\mathgroup4
\symAMSb=\mathgroup5
LaTeX Font Info:    Redeclaring math symbol \hbar on input line 98.
LaTeX Font Info:    Overwriting math alphabet `\mathfrak' in version `bold'
(Font)                  U/euf/m/n --> U/euf/b/n on input line 106.
))
(/usr/share/texlive/texmf-dist/tex/latex/mathtools/mathtools.sty
Package: mathtools 2022/06/29 v1.29 mathematical typesetting tools

(/usr/share/texlive/texmf-dist/tex/latex/tools/calc.sty
Package: calc 2023/07/08 v4.3 Infix arithmetic (KKT,FJ)
\calc@Acount=\count276
\calc@Bcount=\count277
\calc@Adimen=\dimen159
\calc@Bdimen=\dimen160
\calc@Askip=\skip53
\calc@Bskip=\skip54
LaTeX Info: Redefining \setlength on input line 80.
LaTeX Info: Redefining \addtolength on input line 81.
\calc@Ccount=\count278
\calc@Cskip=\skip55
)
(/usr/share/texlive/texmf-dist/tex/latex/mathtools/mhsetup.sty
Package: mhsetup 2021/03/18 v1.4 programming setup (MH)
)
\g_MT_multlinerow_int=\count279
\l_MT_multwidth_dim=\dimen161
\origjot=\skip56
\l_MT_shortvdotswithinadjustabove_dim=\dimen162
\l_MT_shortvdotswithinadjustbelow_dim=\dimen163
\l_MT_above_intertext_sep=\dimen164
\l_MT_below_intertext_sep=\dimen165
\l_MT_above_shortintertext_sep=\dimen166
\l_MT_below_shortintertext_sep=\dimen167
\xmathstrut@box=\box53
\xmathstrut@dim=\dimen168
)
(/usr/share/texlive/texmf-dist/tex/latex/tools/multicol.sty
Package: multicol 2023/03/30 v1.9f multicolumn formatting (FMi)
\c@tracingmulticols=\count280
\mult@box=\box54
\multicol@leftmargin=\dimen169
\c@unbalance=\count281
\c@collectmore=\count282
\doublecol@number=\count283
\multicoltolerance=\count284
\multicolpretolerance=\count285
\full@width=\dimen170
\page@free=\dimen171
\premulticols=\dimen172
\postmulticols=\dimen173
\multicolsep=\skip57
\multicolbaselineskip=\skip58
\partial@page=\box55
\last@line=\box56
\mc@boxedresult=\box57
\maxbalancingoverflow=\dimen174
\mult@rightbox=\box58
\mult@grightbox=\box59
\mult@firstbox=\box60
\mult@gfirstbox=\box61
\@tempa=\box62
\@tempa=\box63
\@tempa=\box64
\@tempa=\box65
\@tempa=\box66
\@tempa=\box67
\@tempa=\box68
\@tempa=\box69
\@tempa=\box70
\@tempa=\box71
\@tempa=\box72
\@tempa=\box73
\@tempa=\box74
\@tempa=\box75
\@tempa=\box76
\@tempa=\box77
\@tempa=\box78
\@tempa=\box79
\@tempa=\box80
\@tempa=\box81
\@tempa=\box82
\@tempa=\box83
\@tempa=\box84
\@tempa=\box85
\@tempa=\box86
\@tempa=\box87
\@tempa=\box88
\@tempa=\box89
\@tempa=\box90
\@tempa=\box91
\@tempa=\box92
\@tempa=\box93
\@tempa=\box94
\@tempa=\box95
\@tempa=\box96
\@tempa=\box97
\c@minrows=\count286
\c@columnbadness=\count287
\c@finalcolumnbadness=\count288
\last@try=\dimen175
\multicolovershoot=\dimen176
\multicolundershoot=\dimen177
\mult@nat@firstbox=\box98
\colbreak@box=\box99
\mc@col@check@num=\count289
)
(/usr/share/texlive/texmf-dist/tex/latex/enumitem/enumitem.sty
Package: enumitem 2019/06/20 v3.9 Customized lists
\labelindent=\skip59
\enit@outerparindent=\dimen178
\enit@toks=\toks24
\enit@inbox=\box100
\enit@count@id=\count290
\enitdp@description=\count291
)
(/usr/share/texlive/texmf-dist/tex/latex/titlesec/titlesec.sty
Package: titlesec 2023/10/27 v2.16 Sectioning titles
\ttl@box=\box101
\beforetitleunit=\skip60
\aftertitleunit=\skip61
\ttl@plus=\dimen179
\ttl@minus=\dimen180
\ttl@toksa=\toks25
\titlewidth=\dimen181
\titlewidthlast=\dimen182
\titlewidthfirst=\dimen183
)
(/usr/share/texlive/texmf-dist/tex/latex/microtype/microtype.sty
Package: microtype 2023/03/13 v3.1a Micro-typographical refinements (RS)

(/usr/share/texlive/texmf-dist/tex/latex/etoolbox/etoolbox.sty
Package: etoolbox 2020/10/05 v2.5k e-TeX tools for LaTeX (JAW)
\etb@tempcnta=\count292
)
\MT@toks=\toks26
\MT@tempbox=\box102
\MT@count=\count293
LaTeX Info: Redefining \noprotrusionifhmode on input line 1059.
LaTeX Info: Redefining \leftprotrusion on input line 1060.
\MT@prot@toks=\toks27
LaTeX Info: Redefining \rightprotrusion on input line 1078.
LaTeX Info: Redefining \textls on input line 1368.
\MT@outer@kern=\dimen184
LaTeX Info: Redefining \textmicrotypecontext on input line 1988.
\MT@listname@count=\count294

(/usr/share/texlive/texmf-dist/tex/latex/microtype/microtype-pdftex.def
File: microtype-pdftex.def 2023/03/13 v3.1a Definitions specific to pdftex (RS)

LaTeX Info: Redefining \lsstyle on input line 902.
LaTeX Info: Redefining \lslig on input line 902.
\MT@outer@space=\skip62
)
Package microtype Info: Loading configuration file microtype.cfg.

(/usr/share/texlive/texmf-dist/tex/latex/microtype/microtype.cfg
File: microtype.cfg 2023/03/13 v3.1a microtype main configuration file (RS)
))
(/usr/share/texlive/texmf-dist/tex/latex/l3backend/l3backend-pdftex.def
File: l3backend-pdftex.def 2024-01-04 L3 backend support: PDF output (pdfTeX)
\l__color_backend_stack_int=\count295
\l__pdf_internal_box=\box103
)
(./ie622_endsem_cheat.aux)
\openout1 = `ie622_endsem_cheat.aux'.

LaTeX Font Info:    Checking defaults for OML/cmm/m/it on input line 35.
LaTeX Font Info:    ... okay on input line 35.
LaTeX Font Info:    Checking defaults for OMS/cmsy/m/n on input line 35.
LaTeX Font Info:    ... okay on input line 35.
LaTeX Font Info:    Checking defaults for OT1/cmr/m/n on input line 35.
LaTeX Font Info:    ... okay on input line 35.
LaTeX Font Info:    Checking defaults for T1/cmr/m/n on input line 35.
LaTeX Font Info:    ... okay on input line 35.
LaTeX Font Info:    Checking defaults for TS1/cmr/m/n on input line 35.
LaTeX Font Info:    ... okay on input line 35.
LaTeX Font Info:    Checking defaults for OMX/cmex/m/n on input line 35.
LaTeX Font Info:    ... okay on input line 35.
LaTeX Font Info:    Checking defaults for U/cmr/m/n on input line 35.
LaTeX Font Info:    ... okay on input line 35.

*geometry* driver: auto-detecting
*geometry* detected driver: pdftex
*geometry* verbose mode - [ preamble ] result:
* driver: pdftex
* paper: a4paper
* layout: <same size as paper>
* layoutoffset:(h,v)=(0.0pt,0.0pt)
* modes: 
* h-part:(L,W,R)=(13.00806pt, 571.49176pt, 13.00806pt)
* v-part:(T,H,B)=(13.00806pt, 819.03073pt, 13.00806pt)
* \paperwidth=597.50787pt
* \paperheight=845.04684pt
* \textwidth=571.49176pt
* \textheight=819.03073pt
* \oddsidemargin=-59.26193pt
* \evensidemargin=-59.26193pt
* \topmargin=-96.26193pt
* \headheight=12.0pt
* \headsep=25.0pt
* \topskip=9.0pt
* \footskip=30.0pt
* \marginparwidth=74.0pt
* \marginparsep=10.0pt
* \columnsep=3.0pt
* \skip\footins=7.0pt plus 4.0pt minus 2.0pt
* \hoffset=0.0pt
* \voffset=0.0pt
* \mag=1000
* \@twocolumnfalse
* \@twosidefalse
* \@mparswitchfalse
* \@reversemarginfalse
* (1in=72.27pt=25.4mm, 1cm=28.453pt)

(/usr/share/texlive/texmf-dist/tex/latex/graphics/graphicx.sty
Package: graphicx 2021/09/16 v1.2d Enhanced LaTeX Graphics (DPC,SPQR)

(/usr/share/texlive/texmf-dist/tex/latex/graphics/graphics.sty
Package: graphics 2022/03/10 v1.4e Standard LaTeX Graphics (DPC,SPQR)

(/usr/share/texlive/texmf-dist/tex/latex/graphics/trig.sty
Package: trig 2021/08/11 v1.11 sin cos tan (DPC)
)
(/usr/share/texlive/texmf-dist/tex/latex/graphics-cfg/graphics.cfg
File: graphics.cfg 2016/06/04 v1.11 sample graphics configuration
)
Package graphics Info: Driver file: pdftex.def on input line 107.

(/usr/share/texlive/texmf-dist/tex/latex/graphics-def/pdftex.def
File: pdftex.def 2022/09/22 v1.2b Graphics/color driver for pdftex

(/usr/share/texlive/texmf-dist/tex/context/base/mkii/supp-pdf.mkii
[Loading MPS to PDF converter (version 2006.09.02).]
\scratchcounter=\count296
\scratchdimen=\dimen185
\scratchbox=\box104
\nofMPsegments=\count297
\nofMParguments=\count298
\everyMPshowfont=\toks28
\MPscratchCnt=\count299
\MPscratchDim=\dimen186
\MPnumerator=\count300
\makeMPintoPDFobject=\count301
\everyMPtoPDFconversion=\toks29
))) (/usr/share/texlive/texmf-dist/tex/latex/epstopdf-pkg/epstopdf-base.sty
Package: epstopdf-base 2020-01-24 v2.11 Base part for package epstopdf
Package epstopdf-base Info: Redefining graphics rule for `.eps' on input line 4
85.

(/usr/share/texlive/texmf-dist/tex/latex/latexconfig/epstopdf-sys.cfg
File: epstopdf-sys.cfg 2010/07/13 v1.3 Configuration of (r)epstopdf for TeX Liv
e
))
\Gin@req@height=\dimen187
\Gin@req@width=\dimen188
)
LaTeX Info: Redefining \microtypecontext on input line 35.
Package microtype Info: Applying patch `item' on input line 35.
Package microtype Info: Applying patch `toc' on input line 35.
Package microtype Info: Applying patch `eqnum' on input line 35.
Package microtype Info: Applying patch `footnote' on input line 35.
Package microtype Info: Applying patch `verbatim' on input line 35.
Package microtype Info: Generating PDF output.
Package microtype Info: Character protrusion enabled (level 2).
Package microtype Info: Using default protrusion set `alltext'.
Package microtype Info: No font expansion.
Package microtype Info: No adjustment of tracking.
Package microtype Info: No adjustment of interword spacing.
Package microtype Info: No adjustment of character kerning.

(/usr/share/texlive/texmf-dist/tex/latex/microtype/mt-cmr.cfg
File: mt-cmr.cfg 2013/05/19 v2.2 microtype config. file: Computer Modern Roman 
(RS)
)
LaTeX Font Info:    Trying to load font information for U+msa on input line 44.


(/usr/share/texlive/texmf-dist/tex/latex/amsfonts/umsa.fd
File: umsa.fd 2013/01/14 v3.01 AMS symbols A
)
(/usr/share/texlive/texmf-dist/tex/latex/microtype/mt-msa.cfg
File: mt-msa.cfg 2006/02/04 v1.1 microtype config. file: AMS symbols (a) (RS)
)
LaTeX Font Info:    Trying to load font information for U+msb on input line 44.


(/usr/share/texlive/texmf-dist/tex/latex/amsfonts/umsb.fd
File: umsb.fd 2013/01/14 v3.01 AMS symbols B
)
(/usr/share/texlive/texmf-dist/tex/latex/microtype/mt-msb.cfg
File: mt-msb.cfg 2005/06/01 v1.0 microtype config. file: AMS symbols (b) (RS)
)
Overfull \hbox (17.79364pt too wide) detected at line 47
\OML/cmm/m/it/5 A[] \OMS/cmsy/m/n/5 " \OML/cmm/m/it/5 A \OMS/cmsy/m/n/5 ) \U/ms
b/m/n/5 P\OT1/cmr/m/n/5 (\OML/cmm/m/it/5 A[]\OT1/cmr/m/n/5 ) \OMS/cmsy/m/n/5 " 
\U/msb/m/n/5 P\OT1/cmr/m/n/5 (\OML/cmm/m/it/5 A\OT1/cmr/m/n/5 )\OML/cmm/m/it/5 
;  A[] \OMS/cmsy/m/n/5 # \OML/cmm/m/it/5 A;  \U/msb/m/n/5 P\OT1/cmr/m/n/5 (\OML
/cmm/m/it/5 A[]\OT1/cmr/m/n/5 ) \OML/cmm/m/it/5 < \OMS/cmsy/m/n/5 1 ) \U/msb/m/
n/5 P\OT1/cmr/m/n/5 (\OML/cmm/m/it/5 A[]\OT1/cmr/m/n/5 ) \OMS/cmsy/m/n/5 # \U/m
sb/m/n/5 P\OT1/cmr/m/n/5 (\OML/cmm/m/it/5 A\OT1/cmr/m/n/5 )\OML/cmm/m/it/5 :
 []


Overfull \hbox (0.12166pt too wide) detected at line 74
\OML/cmm/m/it/5 Y \OMS/cmsy/m/n/5 2 G ) \U/msb/m/n/5 E\OT1/cmr/m/n/5 [\OML/cmm/
m/it/5 XY \OMS/cmsy/m/n/5 j G\OT1/cmr/m/n/5 ] = \OML/cmm/m/it/5 Y\U/msb/m/n/5 E
\OT1/cmr/m/n/5 [\OML/cmm/m/it/5 X \OMS/cmsy/m/n/5 j G\OT1/cmr/m/n/5 ]\OML/cmm/m
/it/5 ;  X \OMS/cmsy/m/n/5 ? G ) \U/msb/m/n/5 E\OT1/cmr/m/n/5 [\OML/cmm/m/it/5 
X \OMS/cmsy/m/n/5 j G\OT1/cmr/m/n/5 ] = \U/msb/m/n/5 E\OT1/cmr/m/n/5 [\OML/cmm/
m/it/5 X\OT1/cmr/m/n/5 ]\OML/cmm/m/it/5 :
 []


Overfull \hbox (17.75792pt too wide) detected at line 122
\OML/cmm/m/it/5 T[] \OT1/cmr/m/n/5 = []\OMS/cmsy/m/n/5 f\OML/cmm/m/it/5 n \OMS/
cmsy/m/n/5 ^^U \OT1/cmr/m/n/5 1 : \OML/cmm/m/it/5 X[] \OT1/cmr/m/n/5 = \OML/cmm
/m/it/5 j\OMS/cmsy/m/n/5 g\OML/cmm/m/it/5 ;  h[] \OT1/cmr/m/n/5 = \U/msb/m/n/5 
P[]\OT1/cmr/m/n/5 (\OML/cmm/m/it/5 T[] < \OMS/cmsy/m/n/5 1\OT1/cmr/m/n/5 )\OML/
cmm/m/it/5 ;  m[] \OT1/cmr/m/n/5 = \U/msb/m/n/5 E[]\OT1/cmr/m/n/5 [\OML/cmm/m/i
t/5 T[]\OT1/cmr/m/n/5 ]\OML/cmm/m/it/5 :
 []


Overfull \hbox (5.84854pt too wide) detected at line 157
\OT1/cmr/m/n/5 (\OMS/cmsy/m/n/5 L\OML/cmm/m/it/5 f\OT1/cmr/m/n/5 )(\OML/cmm/m/i
t/5 x\OT1/cmr/m/n/5 ) = [] \OML/cmm/m/it/5 p[][]f\OT1/cmr/m/n/5 (\OML/cmm/m/it/
5 y\OT1/cmr/m/n/5 ) \OMS/cmsy/m/n/5 ^^@ \OML/cmm/m/it/5 f\OT1/cmr/m/n/5 (\OML/c
mm/m/it/5 x\OT1/cmr/m/n/5 )[] = \U/msb/m/n/5 E\OT1/cmr/m/n/5 [\OML/cmm/m/it/5 f
\OT1/cmr/m/n/5 (\OML/cmm/m/it/5 X[]\OT1/cmr/m/n/5 ) \OMS/cmsy/m/n/5 ^^@ \OML/cm
m/m/it/5 f\OT1/cmr/m/n/5 (\OML/cmm/m/it/5 X[]\OT1/cmr/m/n/5 ) \OMS/cmsy/m/n/5 j
 \OML/cmm/m/it/5 X[] \OT1/cmr/m/n/5 = \OML/cmm/m/it/5 x\OT1/cmr/m/n/5 ]\OML/cmm
/m/it/5 :
 []


Overfull \hbox (39.43452pt too wide) detected at line 186
\OML/cmm/m/it/5 f[] \OT1/cmr/m/n/5 := \U/msb/m/n/5 P[]\OT1/cmr/m/n/5 (\OML/cmm/
m/it/5 T[] < \OMS/cmsy/m/n/5 1\OT1/cmr/m/n/5 )\OML/cmm/m/it/5 ;  i[]  \OMS/cmsy
/m/n/5 ([])  \OML/cmm/m/it/5 f[] \OT1/cmr/m/n/5 = 1\OML/cmm/m/it/5 ;  i[]  \OMS
/cmsy/m/n/5 ([])  \OML/cmm/m/it/5 f[] < \OT1/cmr/m/n/5 1\OML/cmm/m/it/5 :
 []


Overfull \hbox (25.36967pt too wide) detected at line 192
\OML/cmm/m/it/5 i[]  \OMS/cmsy/m/n/5 ([])  [] \OML/cmm/m/it/5 p[] \OT1/cmr/m/n/
5 = \OMS/cmsy/m/n/5 1\OML/cmm/m/it/5 ;  i[]  \OMS/cmsy/m/n/5 ([])  [] \OML/cmm/
m/it/5 p[] < \OMS/cmsy/m/n/5 1\OML/cmm/m/it/5 :
 []


Overfull \hbox (68.96376pt too wide) detected at line 207
\OML/cmm/m/it/5 m[] \OT1/cmr/m/n/5 := \U/msb/m/n/5 E[]\OT1/cmr/m/n/5 [\OML/cmm/
m/it/5 T[]\OT1/cmr/m/n/5 ]\OML/cmm/m/it/5 ;  i[]  \OMS/cmsy/m/n/5 ([])  \OML/cm
m/m/it/5 m[] < \OMS/cmsy/m/n/5 1\OML/cmm/m/it/5 ;  i[]  \OMS/cmsy/m/n/5 ([])  \
OML/cmm/m/it/5 m[] \OT1/cmr/m/n/5 = \OMS/cmsy/m/n/5 1\OML/cmm/m/it/5 :
 []


Overfull \hbox (49.97377pt too wide) detected at line 306
\U/msb/m/n/5 P\OT1/cmr/m/n/5 (\OML/cmm/m/it/5 N[] \OT1/cmr/m/n/5 = \OML/cmm/m/i
t/5 x[]; [] ; N[] \OT1/cmr/m/n/5 = \OML/cmm/m/it/5 x[]\OT1/cmr/m/n/5 ) = [] \OM
L/cmm/m/it/5 e[][]:
 []


Overfull \hbox (1.45924pt too wide) detected at line 316
\OML/cmm/m/it/5 N[] \OMS/cmsy/m/n/5 ^^X []\OT1/cmr/m/n/5 (\OML/cmm/m/it/5 ^^U[]
\OT1/cmr/m/n/5 )\OML/cmm/m/it/5 ;  N[] \OMS/cmsy/m/n/5 ^^X []\OT1/cmr/m/n/5 (\O
ML/cmm/m/it/5 ^^U[]\OT1/cmr/m/n/5 ) [] \OMS/cmsy/m/n/5 ) \OML/cmm/m/it/5 N[] \O
T1/cmr/m/n/5 + \OML/cmm/m/it/5 N[] \OMS/cmsy/m/n/5 ^^X []\OT1/cmr/m/n/5 (\OML/c
mm/m/it/5 ^^U[] \OT1/cmr/m/n/5 + \OML/cmm/m/it/5 ^^U[]\OT1/cmr/m/n/5 )\OML/cmm/
m/it/5 :
 []


Overfull \hbox (15.55815pt too wide) detected at line 338
\OML/cmm/m/it/5 P\OT1/cmr/m/n/5 (\OML/cmm/m/it/5 t \OT1/cmr/m/n/5 + \OML/cmm/m/
it/5 h\OT1/cmr/m/n/5 ) = \OML/cmm/m/it/5 P\OT1/cmr/m/n/5 (\OML/cmm/m/it/5 h\OT1
/cmr/m/n/5 )\OML/cmm/m/it/5 P\OT1/cmr/m/n/5 (\OML/cmm/m/it/5 t\OT1/cmr/m/n/5 )\
OML/cmm/m/it/5 ;  P[]\OT1/cmr/m/n/5 (\OML/cmm/m/it/5 t\OT1/cmr/m/n/5 ) = \OML/c
mm/m/it/5 QP\OT1/cmr/m/n/5 (\OML/cmm/m/it/5 t\OT1/cmr/m/n/5 ) = \OML/cmm/m/it/5
 P\OT1/cmr/m/n/5 (\OML/cmm/m/it/5 t\OT1/cmr/m/n/5 )\OML/cmm/m/it/5 Q;  P\OT1/cm
r/m/n/5 (\OML/cmm/m/it/5 t\OT1/cmr/m/n/5 ) = \OML/cmm/m/it/5 e[]:
 []


Overfull \hbox (37.83327pt too wide) detected at line 367
\OMS/cmsy/m/n/5 9 []\OML/cmm/m/it/5 ^^Y  \OMS/cmsy/m/n/5 ([])  []\OML/cmm/m/it/
5 ;  ^^Y[] \OT1/cmr/m/n/5 = []\OML/cmm/m/it/5 :
 []

[1

{/var/lib/texmf/fonts/map/pdftex/updmap/pdftex.map}]
Underfull \hbox (badness 7486) in paragraph at lines 583--584
[]\T1/cmr/bx/n/5 Reversibility test. \T1/cmr/m/n/5 On the 3-state cy-cle ma-tri
x
 []


Overfull \hbox (28.91357pt too wide) detected at line 596
\U/msb/m/n/5 P\OT1/cmr/m/n/5 (\OML/cmm/m/it/5 N[] \OT1/cmr/m/n/5 = \OML/cmm/m/i
t/5 x[]; [] ; N[] \OT1/cmr/m/n/5 = \OML/cmm/m/it/5 x[]\OT1/cmr/m/n/5 ) = \OML/c
mm/m/it/5 e[] [] []:
 []

[2] (./ie622_endsem_cheat.aux)
 ***********
LaTeX2e <2023-11-01> patch level 1
L3 programming layer <2024-01-22>
 ***********
 ) 
Here is how much of TeX's memory you used:
 6919 strings out of 476106
 109933 string characters out of 5793933
 1995975 words of memory out of 5000000
 28874 multiletter control sequences out of 15000+600000
 563264 words of font info for 48 fonts, out of 8000000 for 9000
 59 hyphenation exceptions out of 8191
 65i,13n,72p,1015b,356s stack positions out of 10000i,1000n,20000p,200000b,200000s
 </home/parakh/.texlive2023/texmf-var/fonts/pk/ljfour/jknappen/ec/tcrm0500.60
0pk> </home/parakh/.texlive2023/texmf-var/fonts/pk/ljfour/jknappen/ec/ecti0500.
600pk> </home/parakh/.texlive2023/texmf-var/fonts/pk/ljfour/jknappen/ec/ecrm050
0.600pk> </home/parakh/.texlive2023/texmf-var/fonts/pk/ljfour/jknappen/ec/ecbx0
500.600pk></usr/share/texlive/texmf-dist/fonts/type1/public/amsfonts/cm/cmbx5.p
fb></usr/share/texlive/texmf-dist/fonts/type1/public/amsfonts/cmextra/cmex7.pfb
></usr/share/texlive/texmf-dist/fonts/type1/public/amsfonts/cm/cmmi5.pfb></usr/
share/texlive/texmf-dist/fonts/type1/public/amsfonts/cmextra/cmmib5.pfb></usr/s
hare/texlive/texmf-dist/fonts/type1/public/amsfonts/cm/cmr5.pfb></usr/share/tex
live/texmf-dist/fonts/type1/public/amsfonts/cm/cmsy5.pfb></usr/share/texlive/te
xmf-dist/fonts/type1/public/amsfonts/symbols/msbm5.pfb>
Output written on ie622_endsem_cheat.pdf (2 pages, 152158 bytes).
PDF statistics:
 213 PDF objects out of 1000 (max. 8388607)
 43 compressed objects within 1 object stream
 0 named destinations out of 1000 (max. 500000)
 3585 words of extra memory for PDF output out of 10000 (max. 10000000)

