This is pdfTeX, Version 3.141592653-2.6-1.40.25 (TeX Live 2023/Debian) (preloaded format=pdflatex 2026.1.13)  22 APR 2026 23:59
entering extended mode
 restricted \write18 enabled.
 %&-line parsing enabled.
**IE206cheat.tex
(./IE206cheat.tex
LaTeX2e <2023-11-01> patch level 1
L3 programming layer <2024-01-22>
(/usr/share/texlive/texmf-dist/tex/latex/extsizes/extarticle.cls
Document Class: extarticle 1996/10/08 v1.0 Non Standard LaTeX document class
(/usr/share/texlive/texmf-dist/tex/latex/base/fleqn.clo
File: fleqn.clo 2016/12/29 v1.2b Standard LaTeX option (flush left equations)
\mathindent=\skip48
Applying: [2015/01/01] Make \[ robust on input line 50.
LaTeX Info: Redefining \[ on input line 51.
Already applied: [0000/00/00] Make \[ robust on input line 62.
Applying: [2015/01/01] Make \] robust on input line 74.
LaTeX Info: Redefining \] on input line 75.
Already applied: [0000/00/00] Make \] robust on input line 83.
)
(/usr/share/texlive/texmf-dist/tex/latex/extsizes/size8.clo
File: size8.clo 1999/11/11 v1.4a NON-Standard LaTeX file (size option)
)
(/usr/share/texlive/texmf-dist/tex/latex/base/exscale.sty
Package: exscale 2018/09/24 v2.1i Standard LaTeX package exscale
LaTeX Font Info:    Redeclaring symbol font `largesymbols' on input line 57.
LaTeX Font Info:    Overwriting symbol font `largesymbols' in version `normal'
(Font)                  OMX/cmex/m/n --> OMX/cmex/m/n on input line 57.
LaTeX Font Info:    Overwriting symbol font `largesymbols' in version `bold'
(Font)                  OMX/cmex/m/n --> OMX/cmex/m/n on input line 57.
\big@size=\dimen140
)
\c@part=\count187
\c@section=\count188
\c@subsection=\count189
\c@subsubsection=\count190
\c@paragraph=\count191
\c@subparagraph=\count192
\c@figure=\count193
\c@table=\count194
\abovecaptionskip=\skip49
\belowcaptionskip=\skip50
\bibindent=\dimen141
)
(/usr/share/texlive/texmf-dist/tex/latex/base/fontenc.sty
Package: fontenc 2021/04/29 v2.0v Standard LaTeX package
)
(/usr/share/texlive/texmf-dist/tex/latex/geometry/geometry.sty
Package: geometry 2020/01/02 v5.9 Page Geometry

(/usr/share/texlive/texmf-dist/tex/latex/graphics/keyval.sty
Package: keyval 2022/05/29 v1.15 key=value parser (DPC)
\KV@toks@=\toks17
)
(/usr/share/texlive/texmf-dist/tex/generic/iftex/ifvtex.sty
Package: ifvtex 2019/10/25 v1.7 ifvtex legacy package. Use iftex instead.

(/usr/share/texlive/texmf-dist/tex/generic/iftex/iftex.sty
Package: iftex 2022/02/03 v1.0f TeX engine tests
))
\Gm@cnth=\count195
\Gm@cntv=\count196
\c@Gm@tempcnt=\count197
\Gm@bindingoffset=\dimen142
\Gm@wd@mp=\dimen143
\Gm@odd@mp=\dimen144
\Gm@even@mp=\dimen145
\Gm@layoutwidth=\dimen146
\Gm@layoutheight=\dimen147
\Gm@layouthoffset=\dimen148
\Gm@layoutvoffset=\dimen149
\Gm@dimlist=\toks18
)
(/usr/share/texlive/texmf-dist/tex/latex/tools/multicol.sty
Package: multicol 2023/03/30 v1.9f multicolumn formatting (FMi)
\c@tracingmulticols=\count198
\mult@box=\box51
\multicol@leftmargin=\dimen150
\c@unbalance=\count199
\c@collectmore=\count266
\doublecol@number=\count267
\multicoltolerance=\count268
\multicolpretolerance=\count269
\full@width=\dimen151
\page@free=\dimen152
\premulticols=\dimen153
\postmulticols=\dimen154
\multicolsep=\skip51
\multicolbaselineskip=\skip52
\partial@page=\box52
\last@line=\box53
\mc@boxedresult=\box54
\maxbalancingoverflow=\dimen155
\mult@rightbox=\box55
\mult@grightbox=\box56
\mult@firstbox=\box57
\mult@gfirstbox=\box58
\@tempa=\box59
\@tempa=\box60
\@tempa=\box61
\@tempa=\box62
\@tempa=\box63
\@tempa=\box64
\@tempa=\box65
\@tempa=\box66
\@tempa=\box67
\@tempa=\box68
\@tempa=\box69
\@tempa=\box70
\@tempa=\box71
\@tempa=\box72
\@tempa=\box73
\@tempa=\box74
\@tempa=\box75
\@tempa=\box76
\@tempa=\box77
\@tempa=\box78
\@tempa=\box79
\@tempa=\box80
\@tempa=\box81
\@tempa=\box82
\@tempa=\box83
\@tempa=\box84
\@tempa=\box85
\@tempa=\box86
\@tempa=\box87
\@tempa=\box88
\@tempa=\box89
\@tempa=\box90
\@tempa=\box91
\@tempa=\box92
\@tempa=\box93
\@tempa=\box94
\c@minrows=\count270
\c@columnbadness=\count271
\c@finalcolumnbadness=\count272
\last@try=\dimen156
\multicolovershoot=\dimen157
\multicolundershoot=\dimen158
\mult@nat@firstbox=\box95
\colbreak@box=\box96
\mc@col@check@num=\count273
)
(/usr/share/texlive/texmf-dist/tex/latex/amsmath/amsmath.sty
Package: amsmath 2023/05/13 v2.17o AMS math features
\@mathmargin=\skip53

For additional information on amsmath, use the `?' option.
(/usr/share/texlive/texmf-dist/tex/latex/amsmath/amstext.sty
Package: amstext 2021/08/26 v2.01 AMS text

(/usr/share/texlive/texmf-dist/tex/latex/amsmath/amsgen.sty
File: amsgen.sty 1999/11/30 v2.0 generic functions
\@emptytoks=\toks19
\ex@=\dimen159
))
(/usr/share/texlive/texmf-dist/tex/latex/amsmath/amsbsy.sty
Package: amsbsy 1999/11/29 v1.2d Bold Symbols
\pmbraise@=\dimen160
)
(/usr/share/texlive/texmf-dist/tex/latex/amsmath/amsopn.sty
Package: amsopn 2022/04/08 v2.04 operator names
)
\inf@bad=\count274
LaTeX Info: Redefining \frac on input line 234.
\uproot@=\count275
\leftroot@=\count276
LaTeX Info: Redefining \overline on input line 399.
LaTeX Info: Redefining \colon on input line 410.
\classnum@=\count277
\DOTSCASE@=\count278
LaTeX Info: Redefining \ldots on input line 496.
LaTeX Info: Redefining \dots on input line 499.
LaTeX Info: Redefining \cdots on input line 620.
\Mathstrutbox@=\box97
\strutbox@=\box98
LaTeX Info: Redefining \big on input line 722.
LaTeX Info: Redefining \Big on input line 723.
LaTeX Info: Redefining \bigg on input line 724.
LaTeX Info: Redefining \Bigg on input line 725.
\big@size=\dimen161
LaTeX Font Info:    Redeclaring font encoding OML on input line 743.
LaTeX Font Info:    Redeclaring font encoding OMS on input line 744.
\macc@depth=\count279
LaTeX Info: Redefining \bmod on input line 905.
LaTeX Info: Redefining \pmod on input line 910.
LaTeX Info: Redefining \smash on input line 940.
LaTeX Info: Redefining \relbar on input line 970.
LaTeX Info: Redefining \Relbar on input line 971.
\c@MaxMatrixCols=\count280
\dotsspace@=\muskip16
\c@parentequation=\count281
\dspbrk@lvl=\count282
\tag@help=\toks20
\row@=\count283
\column@=\count284
\maxfields@=\count285
\andhelp@=\toks21
\eqnshift@=\dimen162
\alignsep@=\dimen163
\tagshift@=\dimen164
\tagwidth@=\dimen165
\totwidth@=\dimen166
\lineht@=\dimen167
\@envbody=\toks22
\multlinegap=\skip54
\multlinetaggap=\skip55
\mathdisplay@stack=\toks23
LaTeX Info: Redefining \[ on input line 2953.
LaTeX Info: Redefining \] on input line 2954.
)
(/usr/share/texlive/texmf-dist/tex/latex/amsfonts/amssymb.sty
Package: amssymb 2013/01/14 v3.01 AMS font symbols

(/usr/share/texlive/texmf-dist/tex/latex/amsfonts/amsfonts.sty
Package: amsfonts 2013/01/14 v3.01 Basic AMSFonts support
\symAMSa=\mathgroup4
\symAMSb=\mathgroup5
LaTeX Font Info:    Redeclaring math symbol \hbar on input line 98.
LaTeX Font Info:    Overwriting math alphabet `\mathfrak' in version `bold'
(Font)                  U/euf/m/n --> U/euf/b/n on input line 106.
))
(/usr/share/texlive/texmf-dist/tex/latex/enumitem/enumitem.sty
Package: enumitem 2019/06/20 v3.9 Customized lists
\labelindent=\skip56
\enit@outerparindent=\dimen168
\enit@toks=\toks24
\enit@inbox=\box99
\enit@count@id=\count286
\enitdp@description=\count287
)
(/usr/share/texlive/texmf-dist/tex/latex/titlesec/titlesec.sty
Package: titlesec 2023/10/27 v2.16 Sectioning titles
\ttl@box=\box100
\beforetitleunit=\skip57
\aftertitleunit=\skip58
\ttl@plus=\dimen169
\ttl@minus=\dimen170
\ttl@toksa=\toks25
\titlewidth=\dimen171
\titlewidthlast=\dimen172
\titlewidthfirst=\dimen173
)
(/usr/share/texlive/texmf-dist/tex/latex/microtype/microtype.sty
Package: microtype 2023/03/13 v3.1a Micro-typographical refinements (RS)

(/usr/share/texlive/texmf-dist/tex/latex/etoolbox/etoolbox.sty
Package: etoolbox 2020/10/05 v2.5k e-TeX tools for LaTeX (JAW)
\etb@tempcnta=\count288
)
\MT@toks=\toks26
\MT@tempbox=\box101
\MT@count=\count289
LaTeX Info: Redefining \noprotrusionifhmode on input line 1059.
LaTeX Info: Redefining \leftprotrusion on input line 1060.
\MT@prot@toks=\toks27
LaTeX Info: Redefining \rightprotrusion on input line 1078.
LaTeX Info: Redefining \textls on input line 1368.
\MT@outer@kern=\dimen174
LaTeX Info: Redefining \textmicrotypecontext on input line 1988.
\MT@listname@count=\count290

(/usr/share/texlive/texmf-dist/tex/latex/microtype/microtype-pdftex.def
File: microtype-pdftex.def 2023/03/13 v3.1a Definitions specific to pdftex (RS)

LaTeX Info: Redefining \lsstyle on input line 902.
LaTeX Info: Redefining \lslig on input line 902.
\MT@outer@space=\skip59
)
Package microtype Info: Loading configuration file microtype.cfg.

(/usr/share/texlive/texmf-dist/tex/latex/microtype/microtype.cfg
File: microtype.cfg 2023/03/13 v3.1a microtype main configuration file (RS)
))
(/usr/share/texlive/texmf-dist/tex/latex/l3backend/l3backend-pdftex.def
File: l3backend-pdftex.def 2024-01-04 L3 backend support: PDF output (pdfTeX)
\l__color_backend_stack_int=\count291
\l__pdf_internal_box=\box102
)
(./IE206cheat.aux)
\openout1 = `IE206cheat.aux'.

LaTeX Font Info:    Checking defaults for OML/cmm/m/it on input line 38.
LaTeX Font Info:    ... okay on input line 38.
LaTeX Font Info:    Checking defaults for OMS/cmsy/m/n on input line 38.
LaTeX Font Info:    ... okay on input line 38.
LaTeX Font Info:    Checking defaults for OT1/cmr/m/n on input line 38.
LaTeX Font Info:    ... okay on input line 38.
LaTeX Font Info:    Checking defaults for T1/cmr/m/n on input line 38.
LaTeX Font Info:    ... okay on input line 38.
LaTeX Font Info:    Checking defaults for TS1/cmr/m/n on input line 38.
LaTeX Font Info:    ... okay on input line 38.
LaTeX Font Info:    Checking defaults for OMX/cmex/m/n on input line 38.
LaTeX Font Info:    ... okay on input line 38.
LaTeX Font Info:    Checking defaults for U/cmr/m/n on input line 38.
LaTeX Font Info:    ... okay on input line 38.

*geometry* driver: auto-detecting
*geometry* detected driver: pdftex
*geometry* verbose mode - [ preamble ] result:
* driver: pdftex
* paper: a4paper
* layout: <same size as paper>
* layoutoffset:(h,v)=(0.0pt,0.0pt)
* modes: 
* h-part:(L,W,R)=(17.07182pt, 563.36423pt, 17.07182pt)
* v-part:(T,H,B)=(17.07182pt, 810.9032pt, 17.07182pt)
* \paperwidth=597.50787pt
* \paperheight=845.04684pt
* \textwidth=563.36423pt
* \textheight=810.9032pt
* \oddsidemargin=-55.19817pt
* \evensidemargin=-55.19817pt
* \topmargin=-92.19817pt
* \headheight=12.0pt
* \headsep=25.0pt
* \topskip=9.0pt
* \footskip=30.0pt
* \marginparwidth=74.0pt
* \marginparsep=10.0pt
* \columnsep=1.5pt
* \skip\footins=7.0pt plus 4.0pt minus 2.0pt
* \hoffset=0.0pt
* \voffset=0.0pt
* \mag=1000
* \@twocolumnfalse
* \@twosidefalse
* \@mparswitchfalse
* \@reversemarginfalse
* (1in=72.27pt=25.4mm, 1cm=28.453pt)

LaTeX Info: Redefining \microtypecontext on input line 38.
Package microtype Info: Applying patch `item' on input line 38.
Package microtype Info: Applying patch `toc' on input line 38.
Package microtype Info: Applying patch `eqnum' on input line 38.
Package microtype Info: Applying patch `footnote' on input line 38.
Package microtype Info: Applying patch `verbatim' on input line 38.
Package microtype Info: Generating PDF output.
Package microtype Info: Character protrusion enabled (level 2).
Package microtype Info: Using default protrusion set `alltext'.
Package microtype Info: No font expansion.
Package microtype Info: No adjustment of tracking.
Package microtype Info: No adjustment of interword spacing.
Package microtype Info: No adjustment of character kerning.
(/usr/share/texlive/texmf-dist/tex/latex/microtype/mt-cmr.cfg
File: mt-cmr.cfg 2013/05/19 v2.2 microtype config. file: Computer Modern Roman 
(RS)
)
LaTeX Font Info:    Trying to load font information for U+msa on input line 46.


(/usr/share/texlive/texmf-dist/tex/latex/amsfonts/umsa.fd
File: umsa.fd 2013/01/14 v3.01 AMS symbols A
)
(/usr/share/texlive/texmf-dist/tex/latex/microtype/mt-msa.cfg
File: mt-msa.cfg 2006/02/04 v1.1 microtype config. file: AMS symbols (a) (RS)
)
LaTeX Font Info:    Trying to load font information for U+msb on input line 46.


(/usr/share/texlive/texmf-dist/tex/latex/amsfonts/umsb.fd
File: umsb.fd 2013/01/14 v3.01 AMS symbols B
)
(/usr/share/texlive/texmf-dist/tex/latex/microtype/mt-msb.cfg
File: mt-msb.cfg 2005/06/01 v1.0 microtype config. file: AMS symbols (b) (RS)
)
Overfull \hbox (2.35342pt too wide) in paragraph at lines 90--92
[] \T1/cmr/bx/n/5 Bi-as--Vari-ance. $\U/msb/m/n/5 E\OT1/cmr/m/n/5 [(\OML/cmm/m/
it/5 y \OMS/cmsy/m/n/5 ^^@ []\OT1/cmr/m/n/5 )[]] = [] + [] +\OML/cmm/m/it/5 ^^[
[]$\T1/cmr/m/n/5 .
 []


Underfull \hbox (badness 10000) in paragraph at lines 218--220
[] \T1/cmr/bx/n/5 Fea-ture En-gi-neer-ing. \T1/cmr/m/n/5 Poly-no-mial: $\OML/cm
m/m/it/5 ^^^\OT1/cmr/m/n/5 (\OML/cmm/m/it/5 x\OT1/cmr/m/n/5 ) =
 []


Underfull \hbox (badness 10000) in paragraph at lines 248--250
[] \T1/cmr/bx/n/5 Bayes Clas-si-fier. Bayes The-o-rem: $\OML/cmm/m/it/5 P\OT1/c
mr/m/n/5 (\OML/cmm/m/it/5 Y\OMS/cmsy/m/n/5 j\OML/cmm/m/it/5 X\OT1/cmr/m/n/5 ) =

 []


Underfull \hbox (badness 5548) in paragraph at lines 319--323
[] \T1/cmr/bx/n/5 Gen-er-a-tive vs Dis-crim-i-na-tive. Gen-er-a-tive Meth-ods:
 []


Underfull \hbox (badness 10000) in paragraph at lines 350--352
[]\T1/cmr/bx/n/5 Posterior \T1/cmr/m/n/5 (Gaus-sian con-ju-gacy): $\OML/cmm/m/i
t/5 S[] \OT1/cmr/m/n/5 =
 []


Underfull \hbox (badness 10000) in paragraph at lines 356--359
[]\T1/cmr/bx/n/5 Posterior pre-dic-tive \T1/cmr/m/n/5 (at $\OML/cmm/m/it/5 x[]$
\T1/cmr/m/n/5 ): $\OML/cmm/m/it/5 p\OT1/cmr/m/n/5 (\OML/cmm/m/it/5 y[]\OMS/cmsy
/m/n/5 j\OML/cmm/m/it/5 x[]; X; y\OT1/cmr/m/n/5 ) =
 []


Underfull \hbox (badness 6078) in paragraph at lines 588--590
[]\T1/cmr/m/n/5 This is ex-actly the Per-cep-tron up-date (ap-plied when
 []

[1

{/var/lib/texmf/fonts/map/pdftex/updmap/pdftex.map}]
Underfull \hbox (badness 10000) in paragraph at lines 985--989
[] \T1/cmr/bx/n/5 Weak Du-al-ity. \T1/cmr/m/n/5 Claim: $[][] [][] \OML/cmm/m/it
/5 f\OT1/cmr/m/n/5 (\OML/cmm/m/it/5 x; y\OT1/cmr/m/n/5 ) \OMS/cmsy/m/n/5 ^^U
 []


Overfull \hbox (3.56828pt too wide) in paragraph at lines 1255--1259
[]$\OML/cmm/m/it/5 w[] \OT1/cmr/m/n/5 = [] [][] []$\T1/cmr/m/n/5 . 
 []


Underfull \hbox (badness 10000) in paragraph at lines 1559--1560
[]$\OML/cmm/m/it/5 IG\OT1/cmr/m/n/5 (\OML/cmm/m/it/5 Y; X\OT1/cmr/m/n/5 ) = \OM
L/cmm/m/it/5 H\OT1/cmr/m/n/5 (\OML/cmm/m/it/5 Y\OT1/cmr/m/n/5 ) \OMS/cmsy/m/n/5
 ^^@ \OML/cmm/m/it/5 H\OT1/cmr/m/n/5 (\OML/cmm/m/it/5 Y\OMS/cmsy/m/n/5 j\OML/cm
m/m/it/5 X\OT1/cmr/m/n/5 )$\T1/cmr/m/n/5 , $\OML/cmm/m/it/5 H\OT1/cmr/m/n/5 (\O
ML/cmm/m/it/5 Y\OMS/cmsy/m/n/5 j\OML/cmm/m/it/5 X\OT1/cmr/m/n/5 ) =
 []


Underfull \hbox (badness 10000) in paragraph at lines 1603--1604
[]\T1/cmr/m/n/5 Exponential loss con-nec-tion: Ad-aBoost min-i-mizes
 []


Overfull \hbox (33.21223pt too wide) in paragraph at lines 1639--1640
[] \T1/cmr/bx/n/5 Clus-ter-ing (K-Means). Ob-jec-tive\T1/cmr/m/n/5 : $[][] [][]
 [][] \OMS/cmsy/m/n/5 k\OML/cmm/m/it/5 x \OMS/cmsy/m/n/5 ^^@
 []


Underfull \hbox (badness 5288) in paragraph at lines 1666--1667
[] \T1/cmr/bx/n/5 MLP / Neu-ral Net-works. Ar-chi-tec-ture\T1/cmr/m/n/5 : $\OML
/cmm/m/it/5 L$ \T1/cmr/m/n/5 lay-ers;
 []


Underfull \hbox (badness 10000) in paragraph at lines 1674--1676
[]\T1/cmr/bx/n/5 Forward pass \T1/cmr/m/n/5 (bi-nary, 1 out-put): $[] \OT1/cmr/
m/n/5 =
 []


Underfull \hbox (badness 10000) in paragraph at lines 1679--1681
[]\T1/cmr/bx/n/5 Backpropagation \T1/cmr/m/n/5 (chain rule): $\OMS/cmsy/m/n/5 r
[]\OML/cmm/m/it/5 e \OT1/cmr/m/n/5 =
 []

[2]
Overfull \hbox (1.62071pt too wide) detected at line 1915
$[]\OT1/cmr/m/n/5 (\OML/cmm/m/it/5 y\OT1/cmr/m/n/5 ) = [] \OML/cmm/m/it/5 P\OT1
/cmr/m/n/5 (\OML/cmm/m/it/5 y\OT1/cmr/m/n/5 ) + [] [] \OML/cmm/m/it/5 P\OT1/cmr
/m/n/5 (\OML/cmm/m/it/5 x[]\OMS/cmsy/m/n/5 j\OML/cmm/m/it/5 y\OT1/cmr/m/n/5 )\O
ML/cmm/m/it/5 ;  [] \OT1/cmr/m/n/5 = [] [] [](\OML/cmm/m/it/5 y\OT1/cmr/m/n/5 )
\OML/cmm/m/it/5 :$ 
 []

[3]
Underfull \hbox (badness 10000) in paragraph at lines 2190--2191
\OML/cmm/m/it/5 X\OT1/cmr/m/n/5 (\OML/cmm/m/it/5 X[]X\OT1/cmr/m/n/5 )[]\OML/cmm
/m/it/5 X[]$\T1/cmr/m/n/5 . Then $\OML/cmm/m/it/5 H[] \OT1/cmr/m/n/5 = \OML/cmm
/m/it/5 H$ \T1/cmr/m/n/5 and $\OML/cmm/m/it/5 H[] \OT1/cmr/m/n/5 =
 []

[4] (./IE206cheat.aux)
 ***********
LaTeX2e <2023-11-01> patch level 1
L3 programming layer <2024-01-22>
 ***********
 ) 
Here is how much of TeX's memory you used:
 5494 strings out of 476106
 86708 string characters out of 5793933
 2026975 words of memory out of 5000000
 27487 multiletter control sequences out of 15000+600000
 562657 words of font info for 46 fonts, out of 8000000 for 9000
 59 hyphenation exceptions out of 8191
 57i,10n,65p,1007b,263s stack positions out of 10000i,1000n,20000p,200000b,200000s
 </home/parakh/.texlive2023/texmf-var/fonts/pk/ljfour/jknappen/ec/ecti0500.60
0pk> </home/parakh/.texlive2023/texmf-var/fonts/pk/ljfour/jknappen/ec/ecrm0800.
600pk> </home/parakh/.texlive2023/texmf-var/fonts/pk/ljfour/jknappen/ec/tcrm050
0.600pk> </home/parakh/.texlive2023/texmf-var/fonts/pk/ljfour/jknappen/ec/ecrm0
500.600pk> </home/parakh/.texlive2023/texmf-var/fonts/pk/ljfour/jknappen/ec/ecb
x0500.600pk></usr/share/texlive/texmf-dist/fonts/type1/public/amsfonts/cm/cmbx5
.pfb></usr/share/texlive/texmf-dist/fonts/type1/public/amsfonts/cmextra/cmex7.p
fb></usr/share/texlive/texmf-dist/fonts/type1/public/amsfonts/cm/cmmi5.pfb></us
r/share/texlive/texmf-dist/fonts/type1/public/amsfonts/cm/cmr5.pfb></usr/share/
texlive/texmf-dist/fonts/type1/public/amsfonts/cm/cmsy5.pfb></usr/share/texlive
/texmf-dist/fonts/type1/public/amsfonts/symbols/msbm5.pfb>
Output written on IE206cheat.pdf (4 pages, 214028 bytes).
PDF statistics:
 261 PDF objects out of 1000 (max. 8388607)
 48 compressed objects within 1 object stream
 0 named destinations out of 1000 (max. 500000)
 3585 words of extra memory for PDF output out of 10000 (max. 10000000)

